generation: 0, new snakes:  50
generation 0 average: -11.18
winner: 9, score: 1, fitness: 24
winner: 5, score: 0, fitness: 4
winner: 7, score: 0, fitness: 4
winner: 13, score: 0, fitness: 4
winner: 14, score: 0, fitness: 4
generation: 1, new snakes 50
[ Brain {
    layers:
     [ [ [ 7.345543071363355,
           -8.058596045135001,
           -7.657938318092277,
           9.550581128543719,
           -3.174146383586365,
           -8.685730170276624 ],
         [ 6.43394493110431,
           9.487457794287351,
           -6.696338889046731,
           -9.420181287441256,
           -9.856406167449396,
           9.62431426606695 ],
         [ 3.3064488652616575,
           -7.5047462038187485,
           -8.154016468255168,
           6.6957542043431,
           8.081661501236269,
           8.532981484887113 ],
         [ -7.343693652312275,
           -6.17373218316402,
           0.5423630227393605,
           2.574010656362166,
           -2.124884062678114,
           5.325896745385528 ] ],
       [ [ 0.4335745469951533,
           -4.914478049607687,
           -6.677502161774296,
           -6.251234041677254 ],
         [ -4.507083320855627,
           0.9879265181816557,
           1.349241260977152,
           8.0929574115289 ],
         [ -1.3914535388225637,
           -5.916834632745616,
           1.3069910436644516,
           -6.746290178931189 ] ] ],
    layersLengths: [],
    id: '9-0' },
  Brain {
    layers:
     [ [ [ 7.345543071363355,
           -8.058596045135001,
           -7.657938318092277,
           9.550581128543719,
           -3.174146383586365,
           -8.685730170276624 ],
         [ 6.43394493110431,
           9.487457794287351,
           -6.696338889046731,
           -9.420181287441256,
           -9.856406167449396,
           9.62431426606695 ],
         [ 3.3064488652616575,
           -7.5047462038187485,
           -8.154016468255168,
           6.6957542043431,
           8.081661501236269,
           8.532981484887113 ],
         [ -7.343693652312275,
           -6.17373218316402,
           0.5423630227393605,
           2.574010656362166,
           -2.124884062678114,
           5.325896745385528 ] ],
       [ [ 0.4335745469951533,
           -4.914478049607687,
           -6.677502161774296,
           -6.251234041677254 ],
         [ -4.507083320855627,
           0.9879265181816557,
           1.349241260977152,
           8.0929574115289 ],
         [ -1.3914535388225637,
           -5.916834632745616,
           1.3069910436644516,
           -6.746290178931189 ] ] ],
    layersLengths: [],
    id: '9-1' },
  Brain {
    layers:
     [ [ [ 7.345543071363355,
           -8.058596045135001,
           -7.657938318092277,
           9.550581128543719,
           -3.174146383586365,
           -8.685730170276624 ],
         [ 6.43394493110431,
           9.487457794287351,
           -6.696338889046731,
           -9.420181287441256,
           -9.856406167449396,
           9.62431426606695 ],
         [ 3.3064488652616575,
           -7.5047462038187485,
           -8.154016468255168,
           6.6957542043431,
           8.081661501236269,
           8.532981484887113 ],
         [ -7.343693652312275,
           -6.17373218316402,
           0.5423630227393605,
           2.574010656362166,
           -2.124884062678114,
           5.325896745385528 ] ],
       [ [ 0.4335745469951533,
           -4.914478049607687,
           -6.677502161774296,
           -6.251234041677254 ],
         [ -4.507083320855627,
           0.9879265181816557,
           1.349241260977152,
           8.0929574115289 ],
         [ -1.3914535388225637,
           -5.916834632745616,
           1.3069910436644516,
           -6.746290178931189 ] ] ],
    layersLengths: [],
    id: '9-2' },
  Brain {
    layers:
     [ [ [ 7.345543071363355,
           -8.058596045135001,
           -7.657938318092277,
           9.550581128543719,
           -3.174146383586365,
           -8.685730170276624 ],
         [ 6.43394493110431,
           9.487457794287351,
           -6.696338889046731,
           -9.420181287441256,
           -9.856406167449396,
           9.62431426606695 ],
         [ 3.3064488652616575,
           -7.5047462038187485,
           -8.154016468255168,
           6.6957542043431,
           8.081661501236269,
           8.532981484887113 ],
         [ -7.343693652312275,
           -6.17373218316402,
           0.5423630227393605,
           2.574010656362166,
           -2.124884062678114,
           5.325896745385528 ] ],
       [ [ 0.4335745469951533,
           -4.914478049607687,
           -6.677502161774296,
           -6.251234041677254 ],
         [ -4.507083320855627,
           0.9879265181816557,
           1.349241260977152,
           8.0929574115289 ],
         [ -1.3914535388225637,
           -5.916834632745616,
           1.3069910436644516,
           -6.746290178931189 ] ] ],
    layersLengths: [],
    id: '9-3' },
  Brain {
    layers:
     [ [ [ 7.345543071363355,
           -8.058596045135001,
           -7.657938318092277,
           9.550581128543719,
           -3.174146383586365,
           -8.685730170276624 ],
         [ 6.43394493110431,
           9.487457794287351,
           -6.696338889046731,
           -9.420181287441256,
           -9.856406167449396,
           9.62431426606695 ],
         [ 3.3064488652616575,
           -7.5047462038187485,
           -8.154016468255168,
           6.6957542043431,
           8.081661501236269,
           8.532981484887113 ],
         [ -7.343693652312275,
           -6.17373218316402,
           0.5423630227393605,
           2.574010656362166,
           -2.124884062678114,
           5.325896745385528 ] ],
       [ [ 0.4335745469951533,
           -4.914478049607687,
           -6.677502161774296,
           -6.251234041677254 ],
         [ -4.507083320855627,
           0.9879265181816557,
           1.349241260977152,
           8.0929574115289 ],
         [ -1.3914535388225637,
           -5.916834632745616,
           1.3069910436644516,
           -6.746290178931189 ] ] ],
    layersLengths: [],
    id: '9-4' },
  Brain {
    layers:
     [ [ [ 7.345543071363355,
           -8.058596045135001,
           -7.657938318092277,
           9.550581128543719,
           -3.174146383586365,
           -8.685730170276624 ],
         [ 6.43394493110431,
           9.487457794287351,
           -6.696338889046731,
           -9.420181287441256,
           -9.856406167449396,
           9.62431426606695 ],
         [ 3.3064488652616575,
           -7.5047462038187485,
           -8.154016468255168,
           6.6957542043431,
           8.081661501236269,
           8.532981484887113 ],
         [ -7.343693652312275,
           -6.17373218316402,
           0.5423630227393605,
           2.574010656362166,
           -2.124884062678114,
           5.325896745385528 ] ],
       [ [ 0.4335745469951533,
           -4.914478049607687,
           -6.677502161774296,
           -6.251234041677254 ],
         [ -4.507083320855627,
           0.9879265181816557,
           1.349241260977152,
           8.0929574115289 ],
         [ -1.3914535388225637,
           -5.916834632745616,
           1.3069910436644516,
           -6.746290178931189 ] ] ],
    layersLengths: [],
    id: '9-5' },
  Brain {
    layers:
     [ [ [ 7.345543071363355,
           -8.058596045135001,
           -7.657938318092277,
           9.550581128543719,
           -3.174146383586365,
           -8.685730170276624 ],
         [ 6.43394493110431,
           9.487457794287351,
           -6.696338889046731,
           -9.420181287441256,
           -9.856406167449396,
           9.62431426606695 ],
         [ 3.3064488652616575,
           -7.5047462038187485,
           -8.154016468255168,
           6.6957542043431,
           8.081661501236269,
           8.532981484887113 ],
         [ -7.343693652312275,
           -6.17373218316402,
           0.5423630227393605,
           2.574010656362166,
           -2.124884062678114,
           5.325896745385528 ] ],
       [ [ 0.4335745469951533,
           -4.914478049607687,
           -6.677502161774296,
           -6.251234041677254 ],
         [ -4.507083320855627,
           0.9879265181816557,
           1.349241260977152,
           8.0929574115289 ],
         [ -1.3914535388225637,
           -5.916834632745616,
           1.3069910436644516,
           -6.746290178931189 ] ] ],
    layersLengths: [],
    id: '9-6' },
  Brain {
    layers:
     [ [ [ 7.345543071363355,
           -8.058596045135001,
           -7.657938318092277,
           9.550581128543719,
           -3.174146383586365,
           -8.685730170276624 ],
         [ 6.43394493110431,
           9.487457794287351,
           -6.696338889046731,
           -9.420181287441256,
           -9.856406167449396,
           9.62431426606695 ],
         [ 3.3064488652616575,
           -7.5047462038187485,
           -8.154016468255168,
           6.6957542043431,
           8.081661501236269,
           8.532981484887113 ],
         [ -7.343693652312275,
           -6.17373218316402,
           0.5423630227393605,
           2.574010656362166,
           -2.124884062678114,
           5.325896745385528 ] ],
       [ [ 0.4335745469951533,
           -4.914478049607687,
           -6.677502161774296,
           -6.251234041677254 ],
         [ -4.507083320855627,
           0.9879265181816557,
           1.349241260977152,
           8.0929574115289 ],
         [ -1.3914535388225637,
           -5.916834632745616,
           1.3069910436644516,
           -6.746290178931189 ] ] ],
    layersLengths: [],
    id: '9-7' },
  Brain {
    layers:
     [ [ [ 7.345543071363355,
           -8.058596045135001,
           -7.657938318092277,
           9.550581128543719,
           -3.174146383586365,
           -8.685730170276624 ],
         [ 6.43394493110431,
           9.487457794287351,
           -6.696338889046731,
           -9.420181287441256,
           -9.856406167449396,
           9.62431426606695 ],
         [ 3.3064488652616575,
           -7.5047462038187485,
           -8.154016468255168,
           6.6957542043431,
           8.081661501236269,
           8.532981484887113 ],
         [ -7.343693652312275,
           -6.17373218316402,
           0.5423630227393605,
           2.574010656362166,
           -2.124884062678114,
           5.325896745385528 ] ],
       [ [ 0.4335745469951533,
           -4.914478049607687,
           -6.677502161774296,
           -6.251234041677254 ],
         [ -4.507083320855627,
           0.9879265181816557,
           1.349241260977152,
           8.0929574115289 ],
         [ -1.3914535388225637,
           -5.916834632745616,
           1.3069910436644516,
           -6.746290178931189 ] ] ],
    layersLengths: [],
    id: '9-8' },
  Brain {
    layers:
     [ [ [ 7.345543071363355,
           -8.058596045135001,
           -7.657938318092277,
           9.550581128543719,
           -3.174146383586365,
           -8.685730170276624 ],
         [ 6.43394493110431,
           9.487457794287351,
           -6.696338889046731,
           -9.420181287441256,
           -9.856406167449396,
           9.62431426606695 ],
         [ 3.3064488652616575,
           -7.5047462038187485,
           -8.154016468255168,
           6.6957542043431,
           8.081661501236269,
           8.532981484887113 ],
         [ -7.343693652312275,
           -6.17373218316402,
           0.5423630227393605,
           2.574010656362166,
           -2.124884062678114,
           5.325896745385528 ] ],
       [ [ 0.4335745469951533,
           -4.914478049607687,
           -6.677502161774296,
           -6.251234041677254 ],
         [ -4.507083320855627,
           0.9879265181816557,
           1.349241260977152,
           8.0929574115289 ],
         [ -1.3914535388225637,
           -5.916834632745616,
           1.3069910436644516,
           -6.746290178931189 ] ] ],
    layersLengths: [],
    id: '9-9' },
  Brain {
    layers:
     [ [ [ 0.7462439121385867,
           6.319121601613475,
           9.883317764252912,
           7.106661053886555,
           -8.052593594904032,
           -7.734286011873444 ],
         [ 6.495998557292907,
           -3.2839555348974647,
           -8.04136814459833,
           -9.334359197577298,
           2.0844714079213666,
           -4.782079994936317 ],
         [ -0.40214868832213035,
           9.889417278603663,
           3.172895531707699,
           3.352544274368938,
           -3.811198597836656,
           -5.696214270334368 ],
         [ -6.055602339744772,
           8.523209199259192,
           2.3284408405527515,
           0.47092711337370474,
           -4.762121162042656,
           -2.876214126206258 ] ],
       [ [ -4.378111248181833,
           -0.6766431471030323,
           1.9422306121986477,
           6.117265495866846 ],
         [ -2.4181671201641475,
           3.9009812328094853,
           -7.205751446693998,
           -1.7438125364627055 ],
         [ 8.216196575525071,
           8.341589954919822,
           8.51763939692134,
           2.8589167783831737 ] ] ],
    layersLengths: [],
    id: '5-10' },
  Brain {
    layers:
     [ [ [ 0.7462439121385867,
           6.319121601613475,
           9.883317764252912,
           7.106661053886555,
           -8.052593594904032,
           -7.734286011873444 ],
         [ 6.495998557292907,
           -3.2839555348974647,
           -8.04136814459833,
           -9.334359197577298,
           2.0844714079213666,
           -4.782079994936317 ],
         [ -0.40214868832213035,
           9.889417278603663,
           3.172895531707699,
           3.352544274368938,
           -3.811198597836656,
           -5.696214270334368 ],
         [ -6.055602339744772,
           8.523209199259192,
           2.3284408405527515,
           0.47092711337370474,
           -4.762121162042656,
           -2.876214126206258 ] ],
       [ [ -4.378111248181833,
           -0.6766431471030323,
           1.9422306121986477,
           6.117265495866846 ],
         [ -2.4181671201641475,
           3.9009812328094853,
           -7.205751446693998,
           -1.7438125364627055 ],
         [ 8.216196575525071,
           8.341589954919822,
           8.51763939692134,
           2.8589167783831737 ] ] ],
    layersLengths: [],
    id: '5-11' },
  Brain {
    layers:
     [ [ [ 0.7462439121385867,
           6.319121601613475,
           9.883317764252912,
           7.106661053886555,
           -8.052593594904032,
           -7.734286011873444 ],
         [ 6.495998557292907,
           -3.2839555348974647,
           -8.04136814459833,
           -9.334359197577298,
           2.0844714079213666,
           -4.782079994936317 ],
         [ -0.40214868832213035,
           9.889417278603663,
           3.172895531707699,
           3.352544274368938,
           -3.811198597836656,
           -5.696214270334368 ],
         [ -6.055602339744772,
           8.523209199259192,
           2.3284408405527515,
           0.47092711337370474,
           -4.762121162042656,
           -2.876214126206258 ] ],
       [ [ -4.378111248181833,
           -0.6766431471030323,
           1.9422306121986477,
           6.117265495866846 ],
         [ -2.4181671201641475,
           3.9009812328094853,
           -7.205751446693998,
           -1.7438125364627055 ],
         [ 8.216196575525071,
           8.341589954919822,
           8.51763939692134,
           2.8589167783831737 ] ] ],
    layersLengths: [],
    id: '5-12' },
  Brain {
    layers:
     [ [ [ 0.7462439121385867,
           6.319121601613475,
           9.883317764252912,
           7.106661053886555,
           -8.052593594904032,
           -7.734286011873444 ],
         [ 6.495998557292907,
           -3.2839555348974647,
           -8.04136814459833,
           -9.334359197577298,
           2.0844714079213666,
           -4.782079994936317 ],
         [ -0.40214868832213035,
           9.889417278603663,
           3.172895531707699,
           3.352544274368938,
           -3.811198597836656,
           -5.696214270334368 ],
         [ -6.055602339744772,
           8.523209199259192,
           2.3284408405527515,
           0.47092711337370474,
           -4.762121162042656,
           -2.876214126206258 ] ],
       [ [ -4.378111248181833,
           -0.6766431471030323,
           1.9422306121986477,
           6.117265495866846 ],
         [ -2.4181671201641475,
           3.9009812328094853,
           -7.205751446693998,
           -1.7438125364627055 ],
         [ 8.216196575525071,
           8.341589954919822,
           8.51763939692134,
           2.8589167783831737 ] ] ],
    layersLengths: [],
    id: '5-13' },
  Brain {
    layers:
     [ [ [ 0.7462439121385867,
           6.319121601613475,
           9.883317764252912,
           7.106661053886555,
           -8.052593594904032,
           -7.734286011873444 ],
         [ 6.495998557292907,
           -3.2839555348974647,
           -8.04136814459833,
           -9.334359197577298,
           2.0844714079213666,
           -4.782079994936317 ],
         [ -0.40214868832213035,
           9.889417278603663,
           3.172895531707699,
           3.352544274368938,
           -3.811198597836656,
           -5.696214270334368 ],
         [ -6.055602339744772,
           8.523209199259192,
           2.3284408405527515,
           0.47092711337370474,
           -4.762121162042656,
           -2.876214126206258 ] ],
       [ [ -4.378111248181833,
           -0.6766431471030323,
           1.9422306121986477,
           6.117265495866846 ],
         [ -2.4181671201641475,
           3.9009812328094853,
           -7.205751446693998,
           -1.7438125364627055 ],
         [ 8.216196575525071,
           8.341589954919822,
           8.51763939692134,
           2.8589167783831737 ] ] ],
    layersLengths: [],
    id: '5-14' },
  Brain {
    layers:
     [ [ [ 0.7462439121385867,
           6.319121601613475,
           9.883317764252912,
           7.106661053886555,
           -8.052593594904032,
           -7.734286011873444 ],
         [ 6.495998557292907,
           -3.2839555348974647,
           -8.04136814459833,
           -9.334359197577298,
           2.0844714079213666,
           -4.782079994936317 ],
         [ -0.40214868832213035,
           9.889417278603663,
           3.172895531707699,
           3.352544274368938,
           -3.811198597836656,
           -5.696214270334368 ],
         [ -6.055602339744772,
           8.523209199259192,
           2.3284408405527515,
           0.47092711337370474,
           -4.762121162042656,
           -2.876214126206258 ] ],
       [ [ -4.378111248181833,
           -0.6766431471030323,
           1.9422306121986477,
           6.117265495866846 ],
         [ -2.4181671201641475,
           3.9009812328094853,
           -7.205751446693998,
           -1.7438125364627055 ],
         [ 8.216196575525071,
           8.341589954919822,
           8.51763939692134,
           2.8589167783831737 ] ] ],
    layersLengths: [],
    id: '5-15' },
  Brain {
    layers:
     [ [ [ 0.7462439121385867,
           6.319121601613475,
           9.883317764252912,
           7.106661053886555,
           -8.052593594904032,
           -7.734286011873444 ],
         [ 6.495998557292907,
           -3.2839555348974647,
           -8.04136814459833,
           -9.334359197577298,
           2.0844714079213666,
           -4.782079994936317 ],
         [ -0.40214868832213035,
           9.889417278603663,
           3.172895531707699,
           3.352544274368938,
           -3.811198597836656,
           -5.696214270334368 ],
         [ -6.055602339744772,
           8.523209199259192,
           2.3284408405527515,
           0.47092711337370474,
           -4.762121162042656,
           -2.876214126206258 ] ],
       [ [ -4.378111248181833,
           -0.6766431471030323,
           1.9422306121986477,
           6.117265495866846 ],
         [ -2.4181671201641475,
           3.9009812328094853,
           -7.205751446693998,
           -1.7438125364627055 ],
         [ 8.216196575525071,
           8.341589954919822,
           8.51763939692134,
           2.8589167783831737 ] ] ],
    layersLengths: [],
    id: '5-16' },
  Brain {
    layers:
     [ [ [ 0.7462439121385867,
           6.319121601613475,
           9.883317764252912,
           7.106661053886555,
           -8.052593594904032,
           -7.734286011873444 ],
         [ 6.495998557292907,
           -3.2839555348974647,
           -8.04136814459833,
           -9.334359197577298,
           2.0844714079213666,
           -4.782079994936317 ],
         [ -0.40214868832213035,
           9.889417278603663,
           3.172895531707699,
           3.352544274368938,
           -3.811198597836656,
           -5.696214270334368 ],
         [ -6.055602339744772,
           8.523209199259192,
           2.3284408405527515,
           0.47092711337370474,
           -4.762121162042656,
           -2.876214126206258 ] ],
       [ [ -4.378111248181833,
           -0.6766431471030323,
           1.9422306121986477,
           6.117265495866846 ],
         [ -2.4181671201641475,
           3.9009812328094853,
           -7.205751446693998,
           -1.7438125364627055 ],
         [ 8.216196575525071,
           8.341589954919822,
           8.51763939692134,
           2.8589167783831737 ] ] ],
    layersLengths: [],
    id: '5-17' },
  Brain {
    layers:
     [ [ [ 0.7462439121385867,
           6.319121601613475,
           9.883317764252912,
           7.106661053886555,
           -8.052593594904032,
           -7.734286011873444 ],
         [ 6.495998557292907,
           -3.2839555348974647,
           -8.04136814459833,
           -9.334359197577298,
           2.0844714079213666,
           -4.782079994936317 ],
         [ -0.40214868832213035,
           9.889417278603663,
           3.172895531707699,
           3.352544274368938,
           -3.811198597836656,
           -5.696214270334368 ],
         [ -6.055602339744772,
           8.523209199259192,
           2.3284408405527515,
           0.47092711337370474,
           -4.762121162042656,
           -2.876214126206258 ] ],
       [ [ -4.378111248181833,
           -0.6766431471030323,
           1.9422306121986477,
           6.117265495866846 ],
         [ -2.4181671201641475,
           3.9009812328094853,
           -7.205751446693998,
           -1.7438125364627055 ],
         [ 8.216196575525071,
           8.341589954919822,
           8.51763939692134,
           2.8589167783831737 ] ] ],
    layersLengths: [],
    id: '5-18' },
  Brain {
    layers:
     [ [ [ 0.7462439121385867,
           6.319121601613475,
           9.883317764252912,
           7.106661053886555,
           -8.052593594904032,
           -7.734286011873444 ],
         [ 6.495998557292907,
           -3.2839555348974647,
           -8.04136814459833,
           -9.334359197577298,
           2.0844714079213666,
           -4.782079994936317 ],
         [ -0.40214868832213035,
           9.889417278603663,
           3.172895531707699,
           3.352544274368938,
           -3.811198597836656,
           -5.696214270334368 ],
         [ -6.055602339744772,
           8.523209199259192,
           2.3284408405527515,
           0.47092711337370474,
           -4.762121162042656,
           -2.876214126206258 ] ],
       [ [ -4.378111248181833,
           -0.6766431471030323,
           1.9422306121986477,
           6.117265495866846 ],
         [ -2.4181671201641475,
           3.9009812328094853,
           -7.205751446693998,
           -1.7438125364627055 ],
         [ 8.216196575525071,
           8.341589954919822,
           8.51763939692134,
           2.8589167783831737 ] ] ],
    layersLengths: [],
    id: '5-19' },
  Brain {
    layers:
     [ [ [ -8.836661492094414,
           -5.717899168958742,
           -8.745300966728799,
           1.1129079234148165,
           3.128842959135479,
           6.941476459566651 ],
         [ 5.788790247163188,
           5.904521398628333,
           1.7925775762440388,
           5.124659460326569,
           0.8173063230739253,
           -1.0225310096380333 ],
         [ -6.64950542915733,
           -8.798728314152813,
           5.00211066220572,
           8.922000491596886,
           -5.961604090247752,
           -6.073188906307552 ],
         [ -2.3132315339614085,
           -8.179545752796948,
           7.394390511192135,
           9.020585086115428,
           7.36265857719545,
           -6.090219680638809 ] ],
       [ [ 6.22954267938826,
           -5.776539120400526,
           0.7529335639154677,
           5.075890266891561 ],
         [ 9.673580562010685,
           4.1665064850047,
           -2.3305919940641484,
           9.762780512823163 ],
         [ 3.328416228849198,
           -2.005543776721783,
           -0.013502921030950077,
           -8.024363459339519 ] ] ],
    layersLengths: [],
    id: '7-20' },
  Brain {
    layers:
     [ [ [ -8.836661492094414,
           -5.717899168958742,
           -8.745300966728799,
           1.1129079234148165,
           3.128842959135479,
           6.941476459566651 ],
         [ 5.788790247163188,
           5.904521398628333,
           1.7925775762440388,
           5.124659460326569,
           0.8173063230739253,
           -1.0225310096380333 ],
         [ -6.64950542915733,
           -8.798728314152813,
           5.00211066220572,
           8.922000491596886,
           -5.961604090247752,
           -6.073188906307552 ],
         [ -2.3132315339614085,
           -8.179545752796948,
           7.394390511192135,
           9.020585086115428,
           7.36265857719545,
           -6.090219680638809 ] ],
       [ [ 6.22954267938826,
           -5.776539120400526,
           0.7529335639154677,
           5.075890266891561 ],
         [ 9.673580562010685,
           4.1665064850047,
           -2.3305919940641484,
           9.762780512823163 ],
         [ 3.328416228849198,
           -2.005543776721783,
           -0.013502921030950077,
           -8.024363459339519 ] ] ],
    layersLengths: [],
    id: '7-21' },
  Brain {
    layers:
     [ [ [ -8.836661492094414,
           -5.717899168958742,
           -8.745300966728799,
           1.1129079234148165,
           3.128842959135479,
           6.941476459566651 ],
         [ 5.788790247163188,
           5.904521398628333,
           1.7925775762440388,
           5.124659460326569,
           0.8173063230739253,
           -1.0225310096380333 ],
         [ -6.64950542915733,
           -8.798728314152813,
           5.00211066220572,
           8.922000491596886,
           -5.961604090247752,
           -6.073188906307552 ],
         [ -2.3132315339614085,
           -8.179545752796948,
           7.394390511192135,
           9.020585086115428,
           7.36265857719545,
           -6.090219680638809 ] ],
       [ [ 6.22954267938826,
           -5.776539120400526,
           0.7529335639154677,
           5.075890266891561 ],
         [ 9.673580562010685,
           4.1665064850047,
           -2.3305919940641484,
           9.762780512823163 ],
         [ 3.328416228849198,
           -2.005543776721783,
           -0.013502921030950077,
           -8.024363459339519 ] ] ],
    layersLengths: [],
    id: '7-22' },
  Brain {
    layers:
     [ [ [ -8.836661492094414,
           -5.717899168958742,
           -8.745300966728799,
           1.1129079234148165,
           3.128842959135479,
           6.941476459566651 ],
         [ 5.788790247163188,
           5.904521398628333,
           1.7925775762440388,
           5.124659460326569,
           0.8173063230739253,
           -1.0225310096380333 ],
         [ -6.64950542915733,
           -8.798728314152813,
           5.00211066220572,
           8.922000491596886,
           -5.961604090247752,
           -6.073188906307552 ],
         [ -2.3132315339614085,
           -8.179545752796948,
           7.394390511192135,
           9.020585086115428,
           7.36265857719545,
           -6.090219680638809 ] ],
       [ [ 6.22954267938826,
           -5.776539120400526,
           0.7529335639154677,
           5.075890266891561 ],
         [ 9.673580562010685,
           4.1665064850047,
           -2.3305919940641484,
           9.762780512823163 ],
         [ 3.328416228849198,
           -2.005543776721783,
           -0.013502921030950077,
           -8.024363459339519 ] ] ],
    layersLengths: [],
    id: '7-23' },
  Brain {
    layers:
     [ [ [ -8.836661492094414,
           -5.717899168958742,
           -8.745300966728799,
           1.1129079234148165,
           3.128842959135479,
           6.941476459566651 ],
         [ 5.788790247163188,
           5.904521398628333,
           1.7925775762440388,
           5.124659460326569,
           0.8173063230739253,
           -1.0225310096380333 ],
         [ -6.64950542915733,
           -8.798728314152813,
           5.00211066220572,
           8.922000491596886,
           -5.961604090247752,
           -6.073188906307552 ],
         [ -2.3132315339614085,
           -8.179545752796948,
           7.394390511192135,
           9.020585086115428,
           7.36265857719545,
           -6.090219680638809 ] ],
       [ [ 6.22954267938826,
           -5.776539120400526,
           0.7529335639154677,
           5.075890266891561 ],
         [ 9.673580562010685,
           4.1665064850047,
           -2.3305919940641484,
           9.762780512823163 ],
         [ 3.328416228849198,
           -2.005543776721783,
           -0.013502921030950077,
           -8.024363459339519 ] ] ],
    layersLengths: [],
    id: '7-24' },
  Brain {
    layers:
     [ [ [ -8.836661492094414,
           -5.717899168958742,
           -8.745300966728799,
           1.1129079234148165,
           3.128842959135479,
           6.941476459566651 ],
         [ 5.788790247163188,
           5.904521398628333,
           1.7925775762440388,
           5.124659460326569,
           0.8173063230739253,
           -1.0225310096380333 ],
         [ -6.64950542915733,
           -8.798728314152813,
           5.00211066220572,
           8.922000491596886,
           -5.961604090247752,
           -6.073188906307552 ],
         [ -2.3132315339614085,
           -8.179545752796948,
           7.394390511192135,
           9.020585086115428,
           7.36265857719545,
           -6.090219680638809 ] ],
       [ [ 6.22954267938826,
           -5.776539120400526,
           0.7529335639154677,
           5.075890266891561 ],
         [ 9.673580562010685,
           4.1665064850047,
           -2.3305919940641484,
           9.762780512823163 ],
         [ 3.328416228849198,
           -2.005543776721783,
           -0.013502921030950077,
           -8.024363459339519 ] ] ],
    layersLengths: [],
    id: '7-25' },
  Brain {
    layers:
     [ [ [ -8.836661492094414,
           -5.717899168958742,
           -8.745300966728799,
           1.1129079234148165,
           3.128842959135479,
           6.941476459566651 ],
         [ 5.788790247163188,
           5.904521398628333,
           1.7925775762440388,
           5.124659460326569,
           0.8173063230739253,
           -1.0225310096380333 ],
         [ -6.64950542915733,
           -8.798728314152813,
           5.00211066220572,
           8.922000491596886,
           -5.961604090247752,
           -6.073188906307552 ],
         [ -2.3132315339614085,
           -8.179545752796948,
           7.394390511192135,
           9.020585086115428,
           7.36265857719545,
           -6.090219680638809 ] ],
       [ [ 6.22954267938826,
           -5.776539120400526,
           0.7529335639154677,
           5.075890266891561 ],
         [ 9.673580562010685,
           4.1665064850047,
           -2.3305919940641484,
           9.762780512823163 ],
         [ 3.328416228849198,
           -2.005543776721783,
           -0.013502921030950077,
           -8.024363459339519 ] ] ],
    layersLengths: [],
    id: '7-26' },
  Brain {
    layers:
     [ [ [ -8.836661492094414,
           -5.717899168958742,
           -8.745300966728799,
           1.1129079234148165,
           3.128842959135479,
           6.941476459566651 ],
         [ 5.788790247163188,
           5.904521398628333,
           1.7925775762440388,
           5.124659460326569,
           0.8173063230739253,
           -1.0225310096380333 ],
         [ -6.64950542915733,
           -8.798728314152813,
           5.00211066220572,
           8.922000491596886,
           -5.961604090247752,
           -6.073188906307552 ],
         [ -2.3132315339614085,
           -8.179545752796948,
           7.394390511192135,
           9.020585086115428,
           7.36265857719545,
           -6.090219680638809 ] ],
       [ [ 6.22954267938826,
           -5.776539120400526,
           0.7529335639154677,
           5.075890266891561 ],
         [ 9.673580562010685,
           4.1665064850047,
           -2.3305919940641484,
           9.762780512823163 ],
         [ 3.328416228849198,
           -2.005543776721783,
           -0.013502921030950077,
           -8.024363459339519 ] ] ],
    layersLengths: [],
    id: '7-27' },
  Brain {
    layers:
     [ [ [ -8.836661492094414,
           -5.717899168958742,
           -8.745300966728799,
           1.1129079234148165,
           3.128842959135479,
           6.941476459566651 ],
         [ 5.788790247163188,
           5.904521398628333,
           1.7925775762440388,
           5.124659460326569,
           0.8173063230739253,
           -1.0225310096380333 ],
         [ -6.64950542915733,
           -8.798728314152813,
           5.00211066220572,
           8.922000491596886,
           -5.961604090247752,
           -6.073188906307552 ],
         [ -2.3132315339614085,
           -8.179545752796948,
           7.394390511192135,
           9.020585086115428,
           7.36265857719545,
           -6.090219680638809 ] ],
       [ [ 6.22954267938826,
           -5.776539120400526,
           0.7529335639154677,
           5.075890266891561 ],
         [ 9.673580562010685,
           4.1665064850047,
           -2.3305919940641484,
           9.762780512823163 ],
         [ 3.328416228849198,
           -2.005543776721783,
           -0.013502921030950077,
           -8.024363459339519 ] ] ],
    layersLengths: [],
    id: '7-28' },
  Brain {
    layers:
     [ [ [ -8.836661492094414,
           -5.717899168958742,
           -8.745300966728799,
           1.1129079234148165,
           3.128842959135479,
           6.941476459566651 ],
         [ 5.788790247163188,
           5.904521398628333,
           1.7925775762440388,
           5.124659460326569,
           0.8173063230739253,
           -1.0225310096380333 ],
         [ -6.64950542915733,
           -8.798728314152813,
           5.00211066220572,
           8.922000491596886,
           -5.961604090247752,
           -6.073188906307552 ],
         [ -2.3132315339614085,
           -8.179545752796948,
           7.394390511192135,
           9.020585086115428,
           7.36265857719545,
           -6.090219680638809 ] ],
       [ [ 6.22954267938826,
           -5.776539120400526,
           0.7529335639154677,
           5.075890266891561 ],
         [ 9.673580562010685,
           4.1665064850047,
           -2.3305919940641484,
           9.762780512823163 ],
         [ 3.328416228849198,
           -2.005543776721783,
           -0.013502921030950077,
           -8.024363459339519 ] ] ],
    layersLengths: [],
    id: '7-29' },
  Brain {
    layers:
     [ [ [ -6.520812628929833,
           -4.20739551427308,
           0.4627946904858824,
           8.551026128103267,
           9.866792048708618,
           6.206584565558835 ],
         [ -0.5731971238640199,
           4.9278472759901994,
           9.764475312924862,
           -3.8750363688652545,
           -9.756527699076184,
           -0.40785738078241707 ],
         [ -8.413871599965393,
           -0.2140328474757922,
           2.5634437297100234,
           -9.952342104807062,
           9.895187351009767,
           -9.198091174805448 ],
         [ 9.80758890958315,
           -6.875219867749882,
           -4.317929516346384,
           -7.7695060870468025,
           6.5081644033419686,
           1.0794971232076822 ] ],
       [ [ -2.2147078032240852,
           0.2847008696658282,
           2.233933232421199,
           9.029206931925234 ],
         [ 3.434172353123518,
           -6.963498590502071,
           -9.409608038846526,
           -4.23672818192661 ],
         [ 4.606762990509488,
           -6.8600208316939515,
           9.84799044977975,
           1.322036491211879 ] ] ],
    layersLengths: [],
    id: '13-30' },
  Brain {
    layers:
     [ [ [ -6.520812628929833,
           -4.20739551427308,
           0.4627946904858824,
           8.551026128103267,
           9.866792048708618,
           6.206584565558835 ],
         [ -0.5731971238640199,
           4.9278472759901994,
           9.764475312924862,
           -3.8750363688652545,
           -9.756527699076184,
           -0.40785738078241707 ],
         [ -8.413871599965393,
           -0.2140328474757922,
           2.5634437297100234,
           -9.952342104807062,
           9.895187351009767,
           -9.198091174805448 ],
         [ 9.80758890958315,
           -6.875219867749882,
           -4.317929516346384,
           -7.7695060870468025,
           6.5081644033419686,
           1.0794971232076822 ] ],
       [ [ -2.2147078032240852,
           0.2847008696658282,
           2.233933232421199,
           9.029206931925234 ],
         [ 3.434172353123518,
           -6.963498590502071,
           -9.409608038846526,
           -4.23672818192661 ],
         [ 4.606762990509488,
           -6.8600208316939515,
           9.84799044977975,
           1.322036491211879 ] ] ],
    layersLengths: [],
    id: '13-31' },
  Brain {
    layers:
     [ [ [ -6.520812628929833,
           -4.20739551427308,
           0.4627946904858824,
           8.551026128103267,
           9.866792048708618,
           6.206584565558835 ],
         [ -0.5731971238640199,
           4.9278472759901994,
           9.764475312924862,
           -3.8750363688652545,
           -9.756527699076184,
           -0.40785738078241707 ],
         [ -8.413871599965393,
           -0.2140328474757922,
           2.5634437297100234,
           -9.952342104807062,
           9.895187351009767,
           -9.198091174805448 ],
         [ 9.80758890958315,
           -6.875219867749882,
           -4.317929516346384,
           -7.7695060870468025,
           6.5081644033419686,
           1.0794971232076822 ] ],
       [ [ -2.2147078032240852,
           0.2847008696658282,
           2.233933232421199,
           9.029206931925234 ],
         [ 3.434172353123518,
           -6.963498590502071,
           -9.409608038846526,
           -4.23672818192661 ],
         [ 4.606762990509488,
           -6.8600208316939515,
           9.84799044977975,
           1.322036491211879 ] ] ],
    layersLengths: [],
    id: '13-32' },
  Brain {
    layers:
     [ [ [ -6.520812628929833,
           -4.20739551427308,
           0.4627946904858824,
           8.551026128103267,
           9.866792048708618,
           6.206584565558835 ],
         [ -0.5731971238640199,
           4.9278472759901994,
           9.764475312924862,
           -3.8750363688652545,
           -9.756527699076184,
           -0.40785738078241707 ],
         [ -8.413871599965393,
           -0.2140328474757922,
           2.5634437297100234,
           -9.952342104807062,
           9.895187351009767,
           -9.198091174805448 ],
         [ 9.80758890958315,
           -6.875219867749882,
           -4.317929516346384,
           -7.7695060870468025,
           6.5081644033419686,
           1.0794971232076822 ] ],
       [ [ -2.2147078032240852,
           0.2847008696658282,
           2.233933232421199,
           9.029206931925234 ],
         [ 3.434172353123518,
           -6.963498590502071,
           -9.409608038846526,
           -4.23672818192661 ],
         [ 4.606762990509488,
           -6.8600208316939515,
           9.84799044977975,
           1.322036491211879 ] ] ],
    layersLengths: [],
    id: '13-33' },
  Brain {
    layers:
     [ [ [ -6.520812628929833,
           -4.20739551427308,
           0.4627946904858824,
           8.551026128103267,
           9.866792048708618,
           6.206584565558835 ],
         [ -0.5731971238640199,
           4.9278472759901994,
           9.764475312924862,
           -3.8750363688652545,
           -9.756527699076184,
           -0.40785738078241707 ],
         [ -8.413871599965393,
           -0.2140328474757922,
           2.5634437297100234,
           -9.952342104807062,
           9.895187351009767,
           -9.198091174805448 ],
         [ 9.80758890958315,
           -6.875219867749882,
           -4.317929516346384,
           -7.7695060870468025,
           6.5081644033419686,
           1.0794971232076822 ] ],
       [ [ -2.2147078032240852,
           0.2847008696658282,
           2.233933232421199,
           9.029206931925234 ],
         [ 3.434172353123518,
           -6.963498590502071,
           -9.409608038846526,
           -4.23672818192661 ],
         [ 4.606762990509488,
           -6.8600208316939515,
           9.84799044977975,
           1.322036491211879 ] ] ],
    layersLengths: [],
    id: '13-34' },
  Brain {
    layers:
     [ [ [ -6.520812628929833,
           -4.20739551427308,
           0.4627946904858824,
           8.551026128103267,
           9.866792048708618,
           6.206584565558835 ],
         [ -0.5731971238640199,
           4.9278472759901994,
           9.764475312924862,
           -3.8750363688652545,
           -9.756527699076184,
           -0.40785738078241707 ],
         [ -8.413871599965393,
           -0.2140328474757922,
           2.5634437297100234,
           -9.952342104807062,
           9.895187351009767,
           -9.198091174805448 ],
         [ 9.80758890958315,
           -6.875219867749882,
           -4.317929516346384,
           -7.7695060870468025,
           6.5081644033419686,
           1.0794971232076822 ] ],
       [ [ -2.2147078032240852,
           0.2847008696658282,
           2.233933232421199,
           9.029206931925234 ],
         [ 3.434172353123518,
           -6.963498590502071,
           -9.409608038846526,
           -4.23672818192661 ],
         [ 4.606762990509488,
           -6.8600208316939515,
           9.84799044977975,
           1.322036491211879 ] ] ],
    layersLengths: [],
    id: '13-35' },
  Brain {
    layers:
     [ [ [ -6.520812628929833,
           -4.20739551427308,
           0.4627946904858824,
           8.551026128103267,
           9.866792048708618,
           6.206584565558835 ],
         [ -0.5731971238640199,
           4.9278472759901994,
           9.764475312924862,
           -3.8750363688652545,
           -9.756527699076184,
           -0.40785738078241707 ],
         [ -8.413871599965393,
           -0.2140328474757922,
           2.5634437297100234,
           -9.952342104807062,
           9.895187351009767,
           -9.198091174805448 ],
         [ 9.80758890958315,
           -6.875219867749882,
           -4.317929516346384,
           -7.7695060870468025,
           6.5081644033419686,
           1.0794971232076822 ] ],
       [ [ -2.2147078032240852,
           0.2847008696658282,
           2.233933232421199,
           9.029206931925234 ],
         [ 3.434172353123518,
           -6.963498590502071,
           -9.409608038846526,
           -4.23672818192661 ],
         [ 4.606762990509488,
           -6.8600208316939515,
           9.84799044977975,
           1.322036491211879 ] ] ],
    layersLengths: [],
    id: '13-36' },
  Brain {
    layers:
     [ [ [ -6.520812628929833,
           -4.20739551427308,
           0.4627946904858824,
           8.551026128103267,
           9.866792048708618,
           6.206584565558835 ],
         [ -0.5731971238640199,
           4.9278472759901994,
           9.764475312924862,
           -3.8750363688652545,
           -9.756527699076184,
           -0.40785738078241707 ],
         [ -8.413871599965393,
           -0.2140328474757922,
           2.5634437297100234,
           -9.952342104807062,
           9.895187351009767,
           -9.198091174805448 ],
         [ 9.80758890958315,
           -6.875219867749882,
           -4.317929516346384,
           -7.7695060870468025,
           6.5081644033419686,
           1.0794971232076822 ] ],
       [ [ -2.2147078032240852,
           0.2847008696658282,
           2.233933232421199,
           9.029206931925234 ],
         [ 3.434172353123518,
           -6.963498590502071,
           -9.409608038846526,
           -4.23672818192661 ],
         [ 4.606762990509488,
           -6.8600208316939515,
           9.84799044977975,
           1.322036491211879 ] ] ],
    layersLengths: [],
    id: '13-37' },
  Brain {
    layers:
     [ [ [ -6.520812628929833,
           -4.20739551427308,
           0.4627946904858824,
           8.551026128103267,
           9.866792048708618,
           6.206584565558835 ],
         [ -0.5731971238640199,
           4.9278472759901994,
           9.764475312924862,
           -3.8750363688652545,
           -9.756527699076184,
           -0.40785738078241707 ],
         [ -8.413871599965393,
           -0.2140328474757922,
           2.5634437297100234,
           -9.952342104807062,
           9.895187351009767,
           -9.198091174805448 ],
         [ 9.80758890958315,
           -6.875219867749882,
           -4.317929516346384,
           -7.7695060870468025,
           6.5081644033419686,
           1.0794971232076822 ] ],
       [ [ -2.2147078032240852,
           0.2847008696658282,
           2.233933232421199,
           9.029206931925234 ],
         [ 3.434172353123518,
           -6.963498590502071,
           -9.409608038846526,
           -4.23672818192661 ],
         [ 4.606762990509488,
           -6.8600208316939515,
           9.84799044977975,
           1.322036491211879 ] ] ],
    layersLengths: [],
    id: '13-38' },
  Brain {
    layers:
     [ [ [ -6.520812628929833,
           -4.20739551427308,
           0.4627946904858824,
           8.551026128103267,
           9.866792048708618,
           6.206584565558835 ],
         [ -0.5731971238640199,
           4.9278472759901994,
           9.764475312924862,
           -3.8750363688652545,
           -9.756527699076184,
           -0.40785738078241707 ],
         [ -8.413871599965393,
           -0.2140328474757922,
           2.5634437297100234,
           -9.952342104807062,
           9.895187351009767,
           -9.198091174805448 ],
         [ 9.80758890958315,
           -6.875219867749882,
           -4.317929516346384,
           -7.7695060870468025,
           6.5081644033419686,
           1.0794971232076822 ] ],
       [ [ -2.2147078032240852,
           0.2847008696658282,
           2.233933232421199,
           9.029206931925234 ],
         [ 3.434172353123518,
           -6.963498590502071,
           -9.409608038846526,
           -4.23672818192661 ],
         [ 4.606762990509488,
           -6.8600208316939515,
           9.84799044977975,
           1.322036491211879 ] ] ],
    layersLengths: [],
    id: '13-39' },
  Brain {
    layers:
     [ [ [ 9.644364088229246,
           6.446508567073202,
           2.027966354077929,
           -8.145027631962666,
           -4.279946560222836,
           -4.948160744580581 ],
         [ -2.5992963121828216,
           -6.268481755766331,
           0.823172983521335,
           -0.20732373022672945,
           -7.041945886518897,
           -3.7099043031881607 ],
         [ -6.111538435801296,
           9.292726020699348,
           -0.40319378142149276,
           -4.8307411020724,
           6.797063189919044,
           9.28191037407737 ],
         [ 3.5005915533924394,
           -9.263116242809527,
           -8.892034749004818,
           7.711513739363845,
           -9.487601930147495,
           7.141946022375286 ] ],
       [ [ -5.292620919197044,
           -8.363290293140576,
           -2.5139438032983197,
           4.2042102027728525 ],
         [ -5.157049510105396,
           8.189008540978854,
           9.633484876865559,
           -8.237271252223275 ],
         [ 5.493554273738992,
           5.861011678581715,
           5.1708024989548065,
           6.576275036673437 ] ] ],
    layersLengths: [],
    id: '14-40' },
  Brain {
    layers:
     [ [ [ 9.644364088229246,
           6.446508567073202,
           2.027966354077929,
           -8.145027631962666,
           -4.279946560222836,
           -4.948160744580581 ],
         [ -2.5992963121828216,
           -6.268481755766331,
           0.823172983521335,
           -0.20732373022672945,
           -7.041945886518897,
           -3.7099043031881607 ],
         [ -6.111538435801296,
           9.292726020699348,
           -0.40319378142149276,
           -4.8307411020724,
           6.797063189919044,
           9.28191037407737 ],
         [ 3.5005915533924394,
           -9.263116242809527,
           -8.892034749004818,
           7.711513739363845,
           -9.487601930147495,
           7.141946022375286 ] ],
       [ [ -5.292620919197044,
           -8.363290293140576,
           -2.5139438032983197,
           4.2042102027728525 ],
         [ -5.157049510105396,
           8.189008540978854,
           9.633484876865559,
           -8.237271252223275 ],
         [ 5.493554273738992,
           5.861011678581715,
           5.1708024989548065,
           6.576275036673437 ] ] ],
    layersLengths: [],
    id: '14-41' },
  Brain {
    layers:
     [ [ [ 9.644364088229246,
           6.446508567073202,
           2.027966354077929,
           -8.145027631962666,
           -4.279946560222836,
           -4.948160744580581 ],
         [ -2.5992963121828216,
           -6.268481755766331,
           0.823172983521335,
           -0.20732373022672945,
           -7.041945886518897,
           -3.7099043031881607 ],
         [ -6.111538435801296,
           9.292726020699348,
           -0.40319378142149276,
           -4.8307411020724,
           6.797063189919044,
           9.28191037407737 ],
         [ 3.5005915533924394,
           -9.263116242809527,
           -8.892034749004818,
           7.711513739363845,
           -9.487601930147495,
           7.141946022375286 ] ],
       [ [ -5.292620919197044,
           -8.363290293140576,
           -2.5139438032983197,
           4.2042102027728525 ],
         [ -5.157049510105396,
           8.189008540978854,
           9.633484876865559,
           -8.237271252223275 ],
         [ 5.493554273738992,
           5.861011678581715,
           5.1708024989548065,
           6.576275036673437 ] ] ],
    layersLengths: [],
    id: '14-42' },
  Brain {
    layers:
     [ [ [ 9.644364088229246,
           6.446508567073202,
           2.027966354077929,
           -8.145027631962666,
           -4.279946560222836,
           -4.948160744580581 ],
         [ -2.5992963121828216,
           -6.268481755766331,
           0.823172983521335,
           -0.20732373022672945,
           -7.041945886518897,
           -3.7099043031881607 ],
         [ -6.111538435801296,
           9.292726020699348,
           -0.40319378142149276,
           -4.8307411020724,
           6.797063189919044,
           9.28191037407737 ],
         [ 3.5005915533924394,
           -9.263116242809527,
           -8.892034749004818,
           7.711513739363845,
           -9.487601930147495,
           7.141946022375286 ] ],
       [ [ -5.292620919197044,
           -8.363290293140576,
           -2.5139438032983197,
           4.2042102027728525 ],
         [ -5.157049510105396,
           8.189008540978854,
           9.633484876865559,
           -8.237271252223275 ],
         [ 5.493554273738992,
           5.861011678581715,
           5.1708024989548065,
           6.576275036673437 ] ] ],
    layersLengths: [],
    id: '14-43' },
  Brain {
    layers:
     [ [ [ 9.644364088229246,
           6.446508567073202,
           2.027966354077929,
           -8.145027631962666,
           -4.279946560222836,
           -4.948160744580581 ],
         [ -2.5992963121828216,
           -6.268481755766331,
           0.823172983521335,
           -0.20732373022672945,
           -7.041945886518897,
           -3.7099043031881607 ],
         [ -6.111538435801296,
           9.292726020699348,
           -0.40319378142149276,
           -4.8307411020724,
           6.797063189919044,
           9.28191037407737 ],
         [ 3.5005915533924394,
           -9.263116242809527,
           -8.892034749004818,
           7.711513739363845,
           -9.487601930147495,
           7.141946022375286 ] ],
       [ [ -5.292620919197044,
           -8.363290293140576,
           -2.5139438032983197,
           4.2042102027728525 ],
         [ -5.157049510105396,
           8.189008540978854,
           9.633484876865559,
           -8.237271252223275 ],
         [ 5.493554273738992,
           5.861011678581715,
           5.1708024989548065,
           6.576275036673437 ] ] ],
    layersLengths: [],
    id: '14-44' },
  Brain {
    layers:
     [ [ [ 9.644364088229246,
           6.446508567073202,
           2.027966354077929,
           -8.145027631962666,
           -4.279946560222836,
           -4.948160744580581 ],
         [ -2.5992963121828216,
           -6.268481755766331,
           0.823172983521335,
           -0.20732373022672945,
           -7.041945886518897,
           -3.7099043031881607 ],
         [ -6.111538435801296,
           9.292726020699348,
           -0.40319378142149276,
           -4.8307411020724,
           6.797063189919044,
           9.28191037407737 ],
         [ 3.5005915533924394,
           -9.263116242809527,
           -8.892034749004818,
           7.711513739363845,
           -9.487601930147495,
           7.141946022375286 ] ],
       [ [ -5.292620919197044,
           -8.363290293140576,
           -2.5139438032983197,
           4.2042102027728525 ],
         [ -5.157049510105396,
           8.189008540978854,
           9.633484876865559,
           -8.237271252223275 ],
         [ 5.493554273738992,
           5.861011678581715,
           5.1708024989548065,
           6.576275036673437 ] ] ],
    layersLengths: [],
    id: '14-45' },
  Brain {
    layers:
     [ [ [ 9.644364088229246,
           6.446508567073202,
           2.027966354077929,
           -8.145027631962666,
           -4.279946560222836,
           -4.948160744580581 ],
         [ -2.5992963121828216,
           -6.268481755766331,
           0.823172983521335,
           -0.20732373022672945,
           -7.041945886518897,
           -3.7099043031881607 ],
         [ -6.111538435801296,
           9.292726020699348,
           -0.40319378142149276,
           -4.8307411020724,
           6.797063189919044,
           9.28191037407737 ],
         [ 3.5005915533924394,
           -9.263116242809527,
           -8.892034749004818,
           7.711513739363845,
           -9.487601930147495,
           7.141946022375286 ] ],
       [ [ -5.292620919197044,
           -8.363290293140576,
           -2.5139438032983197,
           4.2042102027728525 ],
         [ -5.157049510105396,
           8.189008540978854,
           9.633484876865559,
           -8.237271252223275 ],
         [ 5.493554273738992,
           5.861011678581715,
           5.1708024989548065,
           6.576275036673437 ] ] ],
    layersLengths: [],
    id: '14-46' },
  Brain {
    layers:
     [ [ [ 9.644364088229246,
           6.446508567073202,
           2.027966354077929,
           -8.145027631962666,
           -4.279946560222836,
           -4.948160744580581 ],
         [ -2.5992963121828216,
           -6.268481755766331,
           0.823172983521335,
           -0.20732373022672945,
           -7.041945886518897,
           -3.7099043031881607 ],
         [ -6.111538435801296,
           9.292726020699348,
           -0.40319378142149276,
           -4.8307411020724,
           6.797063189919044,
           9.28191037407737 ],
         [ 3.5005915533924394,
           -9.263116242809527,
           -8.892034749004818,
           7.711513739363845,
           -9.487601930147495,
           7.141946022375286 ] ],
       [ [ -5.292620919197044,
           -8.363290293140576,
           -2.5139438032983197,
           4.2042102027728525 ],
         [ -5.157049510105396,
           8.189008540978854,
           9.633484876865559,
           -8.237271252223275 ],
         [ 5.493554273738992,
           5.861011678581715,
           5.1708024989548065,
           6.576275036673437 ] ] ],
    layersLengths: [],
    id: '14-47' },
  Brain {
    layers:
     [ [ [ 9.644364088229246,
           6.446508567073202,
           2.027966354077929,
           -8.145027631962666,
           -4.279946560222836,
           -4.948160744580581 ],
         [ -2.5992963121828216,
           -6.268481755766331,
           0.823172983521335,
           -0.20732373022672945,
           -7.041945886518897,
           -3.7099043031881607 ],
         [ -6.111538435801296,
           9.292726020699348,
           -0.40319378142149276,
           -4.8307411020724,
           6.797063189919044,
           9.28191037407737 ],
         [ 3.5005915533924394,
           -9.263116242809527,
           -8.892034749004818,
           7.711513739363845,
           -9.487601930147495,
           7.141946022375286 ] ],
       [ [ -5.292620919197044,
           -8.363290293140576,
           -2.5139438032983197,
           4.2042102027728525 ],
         [ -5.157049510105396,
           8.189008540978854,
           9.633484876865559,
           -8.237271252223275 ],
         [ 5.493554273738992,
           5.861011678581715,
           5.1708024989548065,
           6.576275036673437 ] ] ],
    layersLengths: [],
    id: '14-48' },
  Brain {
    layers:
     [ [ [ 9.644364088229246,
           6.446508567073202,
           2.027966354077929,
           -8.145027631962666,
           -4.279946560222836,
           -4.948160744580581 ],
         [ -2.5992963121828216,
           -6.268481755766331,
           0.823172983521335,
           -0.20732373022672945,
           -7.041945886518897,
           -3.7099043031881607 ],
         [ -6.111538435801296,
           9.292726020699348,
           -0.40319378142149276,
           -4.8307411020724,
           6.797063189919044,
           9.28191037407737 ],
         [ 3.5005915533924394,
           -9.263116242809527,
           -8.892034749004818,
           7.711513739363845,
           -9.487601930147495,
           7.141946022375286 ] ],
       [ [ -5.292620919197044,
           -8.363290293140576,
           -2.5139438032983197,
           4.2042102027728525 ],
         [ -5.157049510105396,
           8.189008540978854,
           9.633484876865559,
           -8.237271252223275 ],
         [ 5.493554273738992,
           5.861011678581715,
           5.1708024989548065,
           6.576275036673437 ] ] ],
    layersLengths: [],
    id: '14-49' } ]
